# JRE version: Java(TM) SE Runtime Environment (8.0_231-b11) (build 1.8.0_231-b11)
# Java VM: Java HotSpot(TM) 64-Bit Server VM (25.231-b11 mixed mode windows-amd64 compressed oops)
Heap:
 PSYoungGen      total 359424K, used 175923K [0x00000000d5f00000, 0x00000000f3a80000, 0x0000000100000000)
  eden space 342528K, 47% used [0x00000000d5f00000,0x00000000dfc79688,0x00000000ead80000)
  from space 16896K, 86% used [0x00000000ead80000,0x00000000ebbd3590,0x00000000ebe00000)
  to   space 17920K, 0% used [0x00000000f2900000,0x00000000f2900000,0x00000000f3a80000)
 ParOldGen       total 92672K, used 26834K [0x0000000081c00000, 0x0000000087680000, 0x00000000d5f00000)
  object space 92672K, 28% used [0x0000000081c00000,0x0000000083634af0,0x0000000087680000)
 Metaspace       used 43624K, capacity 44478K, committed 44800K, reserved 1089536K
  class space    used 5824K, capacity 6021K, committed 6144K, reserved 1048576K
GC Heap History (10 events):
Event: 7.923 GC heap before
{Heap before GC invocations=9 (full 1):
 PSYoungGen      total 143360K, used 137648K [0x00000000d5f00000, 0x00000000e5a00000, 0x0000000100000000)
  eden space 133120K, 100% used [0x00000000d5f00000,0x00000000de100000,0x00000000de100000)
  from space 10240K, 44% used [0x00000000de100000,0x00000000de56c360,0x00000000deb00000)
  to   space 10240K, 0% used [0x00000000e5000000,0x00000000e5000000,0x00000000e5a00000)
 ParOldGen       total 52736K, used 7455K [0x0000000081c00000, 0x0000000084f80000, 0x00000000d5f00000)
  object space 52736K, 14% used [0x0000000081c00000,0x0000000082347ee8,0x0000000084f80000)
 Metaspace       used 24370K, capacity 24730K, committed 24832K, reserved 1071104K
  class space    used 3205K, capacity 3295K, committed 3328K, reserved 1048576K
Event: 7.934 GC heap after
Heap after GC invocations=9 (full 1):
 PSYoungGen      total 244736K, used 6949K [0x00000000d5f00000, 0x00000000e5900000, 0x0000000100000000)
  eden space 235520K, 0% used [0x00000000d5f00000,0x00000000d5f00000,0x00000000e4500000)
  from space 9216K, 75% used [0x00000000e5000000,0x00000000e56c95d8,0x00000000e5900000)
  to   space 10240K, 0% used [0x00000000e4500000,0x00000000e4500000,0x00000000e4f00000)
 ParOldGen       total 52736K, used 7463K [0x0000000081c00000, 0x0000000084f80000, 0x00000000d5f00000)
  object space 52736K, 14% used [0x0000000081c00000,0x0000000082349ee8,0x0000000084f80000)
 Metaspace       used 24370K, capacity 24730K, committed 24832K, reserved 1071104K
  class space    used 3205K, capacity 3295K, committed 3328K, reserved 1048576K
}
Event: 9.479 GC heap before
{Heap before GC invocations=10 (full 1):
 PSYoungGen      total 244736K, used 242469K [0x00000000d5f00000, 0x00000000e5900000, 0x0000000100000000)
  eden space 235520K, 100% used [0x00000000d5f00000,0x00000000e4500000,0x00000000e4500000)
  from space 9216K, 75% used [0x00000000e5000000,0x00000000e56c95d8,0x00000000e5900000)
  to   space 10240K, 0% used [0x00000000e4500000,0x00000000e4500000,0x00000000e4f00000)
 ParOldGen       total 52736K, used 7463K [0x0000000081c00000, 0x0000000084f80000, 0x00000000d5f00000)
  object space 52736K, 14% used [0x0000000081c00000,0x0000000082349ee8,0x0000000084f80000)
 Metaspace       used 30321K, capacity 30770K, committed 30976K, reserved 1077248K
  class space    used 3948K, capacity 4078K, committed 4096K, reserved 1048576K
Event: 9.507 GC heap after
Heap after GC invocations=10 (full 1):
 PSYoungGen      total 245760K, used 10226K [0x00000000d5f00000, 0x00000000ecd80000, 0x0000000100000000)
  eden space 235520K, 0% used [0x00000000d5f00000,0x00000000d5f00000,0x00000000e4500000)
  from space 10240K, 99% used [0x00000000e4500000,0x00000000e4efc988,0x00000000e4f00000)
  to   space 15872K, 0% used [0x00000000ebe00000,0x00000000ebe00000,0x00000000ecd80000)
 ParOldGen       total 52736K, used 19200K [0x0000000081c00000, 0x0000000084f80000, 0x00000000d5f00000)
  object space 52736K, 36% used [0x0000000081c00000,0x0000000082ec0280,0x0000000084f80000)
 Metaspace       used 30321K, capacity 30770K, committed 30976K, reserved 1077248K
  class space    used 3948K, capacity 4078K, committed 4096K, reserved 1048576K
}
Event: 10.165 GC heap before
{Heap before GC invocations=11 (full 1):
 PSYoungGen      total 245760K, used 83656K [0x00000000d5f00000, 0x00000000ecd80000, 0x0000000100000000)
  eden space 235520K, 31% used [0x00000000d5f00000,0x00000000da6b5970,0x00000000e4500000)
  from space 10240K, 99% used [0x00000000e4500000,0x00000000e4efc988,0x00000000e4f00000)
  to   space 15872K, 0% used [0x00000000ebe00000,0x00000000ebe00000,0x00000000ecd80000)
 ParOldGen       total 52736K, used 19200K [0x0000000081c00000, 0x0000000084f80000, 0x00000000d5f00000)
  object space 52736K, 36% used [0x0000000081c00000,0x0000000082ec0280,0x0000000084f80000)
 Metaspace       used 34819K, capacity 35294K, committed 35416K, reserved 1079296K
  class space    used 4675K, capacity 4800K, committed 4864K, reserved 1048576K
Event: 10.185 GC heap after
Heap after GC invocations=11 (full 1):
 PSYoungGen      total 358400K, used 12572K [0x00000000d5f00000, 0x00000000ed300000, 0x0000000100000000)
  eden space 342528K, 0% used [0x00000000d5f00000,0x00000000d5f00000,0x00000000ead80000)
  from space 15872K, 79% used [0x00000000ebe00000,0x00000000eca47150,0x00000000ecd80000)
  to   space 16896K, 0% used [0x00000000ead80000,0x00000000ead80000,0x00000000ebe00000)
 ParOldGen       total 52736K, used 21350K [0x0000000081c00000, 0x0000000084f80000, 0x00000000d5f00000)
  object space 52736K, 40% used [0x0000000081c00000,0x00000000830d9908,0x0000000084f80000)
 Metaspace       used 34819K, capacity 35294K, committed 35416K, reserved 1079296K
  class space    used 4675K, capacity 4800K, committed 4864K, reserved 1048576K
}
Event: 10.185 GC heap before
{Heap before GC invocations=12 (full 2):
 PSYoungGen      total 358400K, used 12572K [0x00000000d5f00000, 0x00000000ed300000, 0x0000000100000000)
  eden space 342528K, 0% used [0x00000000d5f00000,0x00000000d5f00000,0x00000000ead80000)
  from space 15872K, 79% used [0x00000000ebe00000,0x00000000eca47150,0x00000000ecd80000)
  to   space 16896K, 0% used [0x00000000ead80000,0x00000000ead80000,0x00000000ebe00000)
 ParOldGen       total 52736K, used 21350K [0x0000000081c00000, 0x0000000084f80000, 0x00000000d5f00000)
  object space 52736K, 40% used [0x0000000081c00000,0x00000000830d9908,0x0000000084f80000)
 Metaspace       used 34819K, capacity 35294K, committed 35416K, reserved 1079296K
  class space    used 4675K, capacity 4800K, committed 4864K, reserved 1048576K
Event: 10.281 GC heap after
Heap after GC invocations=12 (full 2):
 PSYoungGen      total 358400K, used 0K [0x00000000d5f00000, 0x00000000ed300000, 0x0000000100000000)
  eden space 342528K, 0% used [0x00000000d5f00000,0x00000000d5f00000,0x00000000ead80000)
  from space 15872K, 0% used [0x00000000ebe00000,0x00000000ebe00000,0x00000000ecd80000)
  to   space 16896K, 0% used [0x00000000ead80000,0x00000000ead80000,0x00000000ebe00000)
 ParOldGen       total 92672K, used 26826K [0x0000000081c00000, 0x0000000087680000, 0x00000000d5f00000)
  object space 92672K, 28% used [0x0000000081c00000,0x0000000083632af0,0x0000000087680000)
 Metaspace       used 34819K, capacity 35294K, committed 35416K, reserved 1079296K
  class space    used 4675K, capacity 4800K, committed 4864K, reserved 1048576K
}
Event: 12.819 GC heap before
{Heap before GC invocations=13 (full 2):
 PSYoungGen      total 358400K, used 342528K [0x00000000d5f00000, 0x00000000ed300000, 0x0000000100000000)
  eden space 342528K, 100% used [0x00000000d5f00000,0x00000000ead80000,0x00000000ead80000)
  from space 15872K, 0% used [0x00000000ebe00000,0x00000000ebe00000,0x00000000ecd80000)
  to   space 16896K, 0% used [0x00000000ead80000,0x00000000ead80000,0x00000000ebe00000)
 ParOldGen       total 92672K, used 26826K [0x0000000081c00000, 0x0000000087680000, 0x00000000d5f00000)
  object space 92672K, 28% used [0x0000000081c00000,0x0000000083632af0,0x0000000087680000)
 Metaspace       used 39957K, capacity 40610K, committed 40960K, reserved 1085440K
  class space    used 5380K, capacity 5525K, committed 5632K, reserved 1048576K
Event: 12.840 GC heap after
Heap after GC invocations=13 (full 2):
 PSYoungGen      total 359424K, used 14669K [0x00000000d5f00000, 0x00000000f3a80000, 0x0000000100000000)
  eden space 342528K, 0% used [0x00000000d5f00000,0x00000000d5f00000,0x00000000ead80000)
  from space 16896K, 86% used [0x00000000ead80000,0x00000000ebbd3590,0x00000000ebe00000)
  to   space 17920K, 0% used [0x00000000f2900000,0x00000000f2900000,0x00000000f3a80000)
 ParOldGen       total 92672K, used 26834K [0x0000000081c00000, 0x0000000087680000, 0x00000000d5f00000)
  object space 92672K, 28% used [0x0000000081c00000,0x0000000083634af0,0x0000000087680000)
 Metaspace       used 39957K, capacity 40610K, committed 40960K, reserved 1085440K
  class space    used 5380K, capacity 5525K, committed 5632K, reserved 1048576K
}

