# JRE version: Java(TM) SE Runtime Environment (8.0_231-b11) (build 1.8.0_231-b11)
# Java VM: Java HotSpot(TM) 64-Bit Server VM (25.231-b11 mixed mode windows-amd64 compressed oops)
Heap:
 PSYoungGen      total 248832K, used 4711K [0x00000000d5f00000, 0x00000000ee200000, 0x0000000100000000)
  eden space 244224K, 1% used [0x00000000d5f00000,0x00000000d6399ca0,0x00000000e4d80000)
  from space 4608K, 0% used [0x00000000ec700000,0x00000000ec700000,0x00000000ecb80000)
  to   space 15872K, 0% used [0x00000000ed280000,0x00000000ed280000,0x00000000ee200000)
 ParOldGen       total 98816K, used 29529K [0x0000000081c00000, 0x0000000087c80000, 0x00000000d5f00000)
  object space 98816K, 29% used [0x0000000081c00000,0x00000000838d66f0,0x0000000087c80000)
 Metaspace       used 42887K, capacity 43516K, committed 44288K, reserved 1087488K
  class space    used 5756K, capacity 5921K, committed 6144K, reserved 1048576K
GC Heap History (10 events):
Event: 27651.461 GC heap before
{Heap before GC invocations=16 (full 2):
 PSYoungGen      total 290816K, used 290728K [0x00000000d5f00000, 0x00000000f0100000, 0x0000000100000000)
  eden space 286208K, 100% used [0x00000000d5f00000,0x00000000e7680000,0x00000000e7680000)
  from space 4608K, 98% used [0x00000000ee800000,0x00000000eec6a040,0x00000000eec80000)
  to   space 16384K, 0% used [0x00000000ef100000,0x00000000ef100000,0x00000000f0100000)
 ParOldGen       total 98816K, used 35355K [0x0000000081c00000, 0x0000000087c80000, 0x00000000d5f00000)
  object space 98816K, 35% used [0x0000000081c00000,0x0000000083e86cd8,0x0000000087c80000)
 Metaspace       used 43274K, capacity 44054K, committed 44160K, reserved 1087488K
  class space    used 5816K, capacity 6000K, committed 6016K, reserved 1048576K
Event: 27651.468 GC heap after
Heap after GC invocations=16 (full 2):
 PSYoungGen      total 279552K, used 4168K [0x00000000d5f00000, 0x00000000ef580000, 0x0000000100000000)
  eden space 274944K, 0% used [0x00000000d5f00000,0x00000000d5f00000,0x00000000e6b80000)
  from space 4608K, 90% used [0x00000000ef100000,0x00000000ef512040,0x00000000ef580000)
  to   space 16384K, 0% used [0x00000000ed580000,0x00000000ed580000,0x00000000ee580000)
 ParOldGen       total 98816K, used 35363K [0x0000000081c00000, 0x0000000087c80000, 0x00000000d5f00000)
  object space 98816K, 35% used [0x0000000081c00000,0x0000000083e88cd8,0x0000000087c80000)
 Metaspace       used 43274K, capacity 44054K, committed 44160K, reserved 1087488K
  class space    used 5816K, capacity 6000K, committed 6016K, reserved 1048576K
}
Event: 40064.141 GC heap before
{Heap before GC invocations=17 (full 2):
 PSYoungGen      total 279552K, used 279112K [0x00000000d5f00000, 0x00000000ef580000, 0x0000000100000000)
  eden space 274944K, 100% used [0x00000000d5f00000,0x00000000e6b80000,0x00000000e6b80000)
  from space 4608K, 90% used [0x00000000ef100000,0x00000000ef512040,0x00000000ef580000)
  to   space 16384K, 0% used [0x00000000ed580000,0x00000000ed580000,0x00000000ee580000)
 ParOldGen       total 98816K, used 35363K [0x0000000081c00000, 0x0000000087c80000, 0x00000000d5f00000)
  object space 98816K, 35% used [0x0000000081c00000,0x0000000083e88cd8,0x0000000087c80000)
 Metaspace       used 43274K, capacity 44054K, committed 44160K, reserved 1087488K
  class space    used 5816K, capacity 6000K, committed 6016K, reserved 1048576K
Event: 40064.149 GC heap after
Heap after GC invocations=17 (full 2):
 PSYoungGen      total 268800K, used 4168K [0x00000000d5f00000, 0x00000000ef180000, 0x0000000100000000)
  eden space 264192K, 0% used [0x00000000d5f00000,0x00000000d5f00000,0x00000000e6100000)
  from space 4608K, 90% used [0x00000000ed580000,0x00000000ed992040,0x00000000eda00000)
  to   space 16384K, 0% used [0x00000000ee180000,0x00000000ee180000,0x00000000ef180000)
 ParOldGen       total 98816K, used 35363K [0x0000000081c00000, 0x0000000087c80000, 0x00000000d5f00000)
  object space 98816K, 35% used [0x0000000081c00000,0x0000000083e88cd8,0x0000000087c80000)
 Metaspace       used 43274K, capacity 44054K, committed 44160K, reserved 1087488K
  class space    used 5816K, capacity 6000K, committed 6016K, reserved 1048576K
}
Event: 51948.469 GC heap before
{Heap before GC invocations=18 (full 2):
 PSYoungGen      total 268800K, used 268360K [0x00000000d5f00000, 0x00000000ef180000, 0x0000000100000000)
  eden space 264192K, 100% used [0x00000000d5f00000,0x00000000e6100000,0x00000000e6100000)
  from space 4608K, 90% used [0x00000000ed580000,0x00000000ed992040,0x00000000eda00000)
  to   space 16384K, 0% used [0x00000000ee180000,0x00000000ee180000,0x00000000ef180000)
 ParOldGen       total 98816K, used 35363K [0x0000000081c00000, 0x0000000087c80000, 0x00000000d5f00000)
  object space 98816K, 35% used [0x0000000081c00000,0x0000000083e88cd8,0x0000000087c80000)
 Metaspace       used 43274K, capacity 44054K, committed 44160K, reserved 1087488K
  class space    used 5816K, capacity 6000K, committed 6016K, reserved 1048576K
Event: 51948.476 GC heap after
Heap after GC invocations=18 (full 2):
 PSYoungGen      total 258560K, used 4168K [0x00000000d5f00000, 0x00000000ee600000, 0x0000000100000000)
  eden space 253952K, 0% used [0x00000000d5f00000,0x00000000d5f00000,0x00000000e5700000)
  from space 4608K, 90% used [0x00000000ee180000,0x00000000ee592040,0x00000000ee600000)
  to   space 15872K, 0% used [0x00000000ec700000,0x00000000ec700000,0x00000000ed680000)
 ParOldGen       total 98816K, used 35371K [0x0000000081c00000, 0x0000000087c80000, 0x00000000d5f00000)
  object space 98816K, 35% used [0x0000000081c00000,0x0000000083e8acd8,0x0000000087c80000)
 Metaspace       used 43274K, capacity 44054K, committed 44160K, reserved 1087488K
  class space    used 5816K, capacity 6000K, committed 6016K, reserved 1048576K
}
Event: 58456.081 GC heap before
{Heap before GC invocations=19 (full 2):
 PSYoungGen      total 258560K, used 151848K [0x00000000d5f00000, 0x00000000ee600000, 0x0000000100000000)
  eden space 253952K, 58% used [0x00000000d5f00000,0x00000000def38350,0x00000000e5700000)
  from space 4608K, 90% used [0x00000000ee180000,0x00000000ee592040,0x00000000ee600000)
  to   space 15872K, 0% used [0x00000000ec700000,0x00000000ec700000,0x00000000ed680000)
 ParOldGen       total 98816K, used 35371K [0x0000000081c00000, 0x0000000087c80000, 0x00000000d5f00000)
  object space 98816K, 35% used [0x0000000081c00000,0x0000000083e8acd8,0x0000000087c80000)
 Metaspace       used 43277K, capacity 44054K, committed 44160K, reserved 1087488K
  class space    used 5816K, capacity 6000K, committed 6016K, reserved 1048576K
Event: 58456.088 GC heap after
Heap after GC invocations=19 (full 2):
 PSYoungGen      total 248832K, used 4200K [0x00000000d5f00000, 0x00000000ee200000, 0x0000000100000000)
  eden space 244224K, 0% used [0x00000000d5f00000,0x00000000d5f00000,0x00000000e4d80000)
  from space 4608K, 91% used [0x00000000ec700000,0x00000000ecb1a040,0x00000000ecb80000)
  to   space 15872K, 0% used [0x00000000ed280000,0x00000000ed280000,0x00000000ee200000)
 ParOldGen       total 98816K, used 35371K [0x0000000081c00000, 0x0000000087c80000, 0x00000000d5f00000)
  object space 98816K, 35% used [0x0000000081c00000,0x0000000083e8acd8,0x0000000087c80000)
 Metaspace       used 43277K, capacity 44054K, committed 44160K, reserved 1087488K
  class space    used 5816K, capacity 6000K, committed 6016K, reserved 1048576K
}
Event: 58456.088 GC heap before
{Heap before GC invocations=20 (full 3):
 PSYoungGen      total 248832K, used 4200K [0x00000000d5f00000, 0x00000000ee200000, 0x0000000100000000)
  eden space 244224K, 0% used [0x00000000d5f00000,0x00000000d5f00000,0x00000000e4d80000)
  from space 4608K, 91% used [0x00000000ec700000,0x00000000ecb1a040,0x00000000ecb80000)
  to   space 15872K, 0% used [0x00000000ed280000,0x00000000ed280000,0x00000000ee200000)
 ParOldGen       total 98816K, used 35371K [0x0000000081c00000, 0x0000000087c80000, 0x00000000d5f00000)
  object space 98816K, 35% used [0x0000000081c00000,0x0000000083e8acd8,0x0000000087c80000)
 Metaspace       used 43277K, capacity 44054K, committed 44160K, reserved 1087488K
  class space    used 5816K, capacity 6000K, committed 6016K, reserved 1048576K
Event: 58456.253 GC heap after
Heap after GC invocations=20 (full 3):
 PSYoungGen      total 248832K, used 0K [0x00000000d5f00000, 0x00000000ee200000, 0x0000000100000000)
  eden space 244224K, 0% used [0x00000000d5f00000,0x00000000d5f00000,0x00000000e4d80000)
  from space 4608K, 0% used [0x00000000ec700000,0x00000000ec700000,0x00000000ecb80000)
  to   space 15872K, 0% used [0x00000000ed280000,0x00000000ed280000,0x00000000ee200000)
 ParOldGen       total 98816K, used 29529K [0x0000000081c00000, 0x0000000087c80000, 0x00000000d5f00000)
  object space 98816K, 29% used [0x0000000081c00000,0x00000000838d66f0,0x0000000087c80000)
 Metaspace       used 42883K, capacity 43420K, committed 44160K, reserved 1087488K
  class space    used 5755K, capacity 5889K, committed 6016K, reserved 1048576K
}

