# JRE version: Java(TM) SE Runtime Environment (8.0_231-b11) (build 1.8.0_231-b11)
# Java VM: Java HotSpot(TM) 64-Bit Server VM (25.231-b11 mixed mode windows-amd64 compressed oops)
Heap:
 PSYoungGen      total 475648K, used 54886K [0x000000076b400000, 0x000000078b700000, 0x00000007c0000000)
  eden space 463360K, 11% used [0x000000076b400000,0x000000076e9998e0,0x0000000787880000)
  from space 12288K, 0% used [0x000000078ab00000,0x000000078ab00000,0x000000078b700000)
  to   space 16896K, 0% used [0x0000000789600000,0x0000000789600000,0x000000078a680000)
 ParOldGen       total 93184K, used 40381K [0x00000006c1c00000, 0x00000006c7700000, 0x000000076b400000)
  object space 93184K, 43% used [0x00000006c1c00000,0x00000006c436f6f8,0x00000006c7700000)
 Metaspace       used 50143K, capacity 51058K, committed 51416K, reserved 1095680K
  class space    used 6662K, capacity 6880K, committed 6912K, reserved 1048576K
GC Heap History (10 events):
Event: 17.450 GC heap before
{Heap before GC invocations=11 (full 2):
 PSYoungGen      total 364032K, used 13800K [0x000000076b400000, 0x000000078bb00000, 0x00000007c0000000)
  eden space 350208K, 0% used [0x000000076b400000,0x000000076b400000,0x0000000780a00000)
  from space 13824K, 99% used [0x0000000780a00000,0x000000078177a280,0x0000000781780000)
  to   space 16384K, 0% used [0x000000078ab00000,0x000000078ab00000,0x000000078bb00000)
 ParOldGen       total 93184K, used 14613K [0x00000006c1c00000, 0x00000006c7700000, 0x000000076b400000)
  object space 93184K, 15% used [0x00000006c1c00000,0x00000006c2a45758,0x00000006c7700000)
 Metaspace       used 34682K, capacity 35296K, committed 35416K, reserved 1079296K
  class space    used 4549K, capacity 4727K, committed 4736K, reserved 1048576K
Event: 17.557 GC heap after
Heap after GC invocations=11 (full 2):
 PSYoungGen      total 364032K, used 0K [0x000000076b400000, 0x000000078bb00000, 0x00000007c0000000)
  eden space 350208K, 0% used [0x000000076b400000,0x000000076b400000,0x0000000780a00000)
  from space 13824K, 0% used [0x0000000780a00000,0x0000000780a00000,0x0000000781780000)
  to   space 16384K, 0% used [0x000000078ab00000,0x000000078ab00000,0x000000078bb00000)
 ParOldGen       total 93184K, used 23188K [0x00000006c1c00000, 0x00000006c7700000, 0x000000076b400000)
  object space 93184K, 24% used [0x00000006c1c00000,0x00000006c32a52d0,0x00000006c7700000)
 Metaspace       used 34678K, capacity 35290K, committed 35416K, reserved 1079296K
  class space    used 4548K, capacity 4726K, committed 4736K, reserved 1048576K
}
Event: 21.386 GC heap before
{Heap before GC invocations=12 (full 2):
 PSYoungGen      total 364032K, used 350208K [0x000000076b400000, 0x000000078bb00000, 0x00000007c0000000)
  eden space 350208K, 100% used [0x000000076b400000,0x0000000780a00000,0x0000000780a00000)
  from space 13824K, 0% used [0x0000000780a00000,0x0000000780a00000,0x0000000781780000)
  to   space 16384K, 0% used [0x000000078ab00000,0x000000078ab00000,0x000000078bb00000)
 ParOldGen       total 93184K, used 23188K [0x00000006c1c00000, 0x00000006c7700000, 0x000000076b400000)
  object space 93184K, 24% used [0x00000006c1c00000,0x00000006c32a52d0,0x00000006c7700000)
 Metaspace       used 40855K, capacity 41486K, committed 41944K, reserved 1085440K
  class space    used 5378K, capacity 5540K, committed 5632K, reserved 1048576K
Event: 21.406 GC heap after
Heap after GC invocations=12 (full 2):
 PSYoungGen      total 475648K, used 12234K [0x000000076b400000, 0x000000078b700000, 0x00000007c0000000)
  eden space 463360K, 0% used [0x000000076b400000,0x000000076b400000,0x0000000787880000)
  from space 12288K, 99% used [0x000000078ab00000,0x000000078b6f2ae0,0x000000078b700000)
  to   space 16896K, 0% used [0x0000000789600000,0x0000000789600000,0x000000078a680000)
 ParOldGen       total 93184K, used 23196K [0x00000006c1c00000, 0x00000006c7700000, 0x000000076b400000)
  object space 93184K, 24% used [0x00000006c1c00000,0x00000006c32a72d0,0x00000006c7700000)
 Metaspace       used 40855K, capacity 41486K, committed 41944K, reserved 1085440K
  class space    used 5378K, capacity 5540K, committed 5632K, reserved 1048576K
}
Event: 25.460 GC heap before
{Heap before GC invocations=13 (full 2):
 PSYoungGen      total 475648K, used 475594K [0x000000076b400000, 0x000000078b700000, 0x00000007c0000000)
  eden space 463360K, 100% used [0x000000076b400000,0x0000000787880000,0x0000000787880000)
  from space 12288K, 99% used [0x000000078ab00000,0x000000078b6f2ae0,0x000000078b700000)
  to   space 16896K, 0% used [0x0000000789600000,0x0000000789600000,0x000000078a680000)
 ParOldGen       total 93184K, used 23196K [0x00000006c1c00000, 0x00000006c7700000, 0x000000076b400000)
  object space 93184K, 24% used [0x00000006c1c00000,0x00000006c32a72d0,0x00000006c7700000)
 Metaspace       used 46486K, capacity 47336K, committed 47576K, reserved 1091584K
  class space    used 6157K, capacity 6379K, committed 6400K, reserved 1048576K
Event: 25.496 GC heap after
Heap after GC invocations=13 (full 2):
 PSYoungGen      total 480256K, used 15108K [0x000000076b400000, 0x000000078b700000, 0x00000007c0000000)
  eden space 463360K, 0% used [0x000000076b400000,0x000000076b400000,0x0000000787880000)
  from space 16896K, 89% used [0x0000000789600000,0x000000078a4c10b0,0x000000078a680000)
  to   space 12288K, 0% used [0x000000078ab00000,0x000000078ab00000,0x000000078b700000)
 ParOldGen       total 93184K, used 31228K [0x00000006c1c00000, 0x00000006c7700000, 0x000000076b400000)
  object space 93184K, 33% used [0x00000006c1c00000,0x00000006c3a7f220,0x00000006c7700000)
 Metaspace       used 46486K, capacity 47336K, committed 47576K, reserved 1091584K
  class space    used 6157K, capacity 6379K, committed 6400K, reserved 1048576K
}
Event: 26.978 GC heap before
{Heap before GC invocations=14 (full 2):
 PSYoungGen      total 480256K, used 119684K [0x000000076b400000, 0x000000078b700000, 0x00000007c0000000)
  eden space 463360K, 22% used [0x000000076b400000,0x0000000771a20158,0x0000000787880000)
  from space 16896K, 89% used [0x0000000789600000,0x000000078a4c10b0,0x000000078a680000)
  to   space 12288K, 0% used [0x000000078ab00000,0x000000078ab00000,0x000000078b700000)
 ParOldGen       total 93184K, used 31228K [0x00000006c1c00000, 0x00000006c7700000, 0x000000076b400000)
  object space 93184K, 33% used [0x00000006c1c00000,0x00000006c3a7f220,0x00000006c7700000)
 Metaspace       used 49909K, capacity 50712K, committed 50904K, reserved 1097728K
  class space    used 6627K, capacity 6837K, committed 6912K, reserved 1048576K
Event: 27.000 GC heap after
Heap after GC invocations=14 (full 2):
 PSYoungGen      total 475648K, used 4489K [0x000000076b400000, 0x000000078b700000, 0x00000007c0000000)
  eden space 463360K, 0% used [0x000000076b400000,0x000000076b400000,0x0000000787880000)
  from space 12288K, 36% used [0x000000078ab00000,0x000000078af62698,0x000000078b700000)
  to   space 16896K, 0% used [0x0000000789600000,0x0000000789600000,0x000000078a680000)
 ParOldGen       total 93184K, used 41626K [0x00000006c1c00000, 0x00000006c7700000, 0x000000076b400000)
  object space 93184K, 44% used [0x00000006c1c00000,0x00000006c44a6be0,0x00000006c7700000)
 Metaspace       used 49909K, capacity 50712K, committed 50904K, reserved 1097728K
  class space    used 6627K, capacity 6837K, committed 6912K, reserved 1048576K
}
Event: 27.000 GC heap before
{Heap before GC invocations=15 (full 3):
 PSYoungGen      total 475648K, used 4489K [0x000000076b400000, 0x000000078b700000, 0x00000007c0000000)
  eden space 463360K, 0% used [0x000000076b400000,0x000000076b400000,0x0000000787880000)
  from space 12288K, 36% used [0x000000078ab00000,0x000000078af62698,0x000000078b700000)
  to   space 16896K, 0% used [0x0000000789600000,0x0000000789600000,0x000000078a680000)
 ParOldGen       total 93184K, used 41626K [0x00000006c1c00000, 0x00000006c7700000, 0x000000076b400000)
  object space 93184K, 44% used [0x00000006c1c00000,0x00000006c44a6be0,0x00000006c7700000)
 Metaspace       used 49909K, capacity 50712K, committed 50904K, reserved 1097728K
  class space    used 6627K, capacity 6837K, committed 6912K, reserved 1048576K
Event: 27.332 GC heap after
Heap after GC invocations=15 (full 3):
 PSYoungGen      total 475648K, used 0K [0x000000076b400000, 0x000000078b700000, 0x00000007c0000000)
  eden space 463360K, 0% used [0x000000076b400000,0x000000076b400000,0x0000000787880000)
  from space 12288K, 0% used [0x000000078ab00000,0x000000078ab00000,0x000000078b700000)
  to   space 16896K, 0% used [0x0000000789600000,0x0000000789600000,0x000000078a680000)
 ParOldGen       total 93184K, used 40381K [0x00000006c1c00000, 0x00000006c7700000, 0x000000076b400000)
  object space 93184K, 43% used [0x00000006c1c00000,0x00000006c436f6f8,0x00000006c7700000)
 Metaspace       used 49909K, capacity 50712K, committed 50904K, reserved 1095680K
  class space    used 6627K, capacity 6837K, committed 6912K, reserved 1048576K
}

